DEBUG:asyncio:Using selector: SelectSelector
INFO:uvicorn.error:Started server process [1548]
INFO:uvicorn.error:Waiting for application startup.
INFO:sqlalchemy.engine.Engine:BEGIN (implicit)
INFO:sqlalchemy.engine.Engine:PRAGMA main.table_info("issue")
INFO:sqlalchemy.engine.Engine:[raw sql] ()
INFO:sqlalchemy.engine.Engine:COMMIT
INFO:main:DB created.
INFO:uvicorn.error:Application startup complete.
INFO:uvicorn.error:Uvicorn running on http://0.0.0.0:8000 (Press CTRL+C to quit)
INFO:main:Frontend called.
INFO:sqlalchemy.engine.Engine:BEGIN (implicit)
INFO:sqlalchemy.engine.Engine:SELECT issue.id, issue.email, issue.section, issue.title, issue.issue, issue.attachments, issue.solved, issue.timestamp 
FROM issue
INFO:sqlalchemy.engine.Engine:[no key 0.00057s] ()
INFO:sqlalchemy.engine.Engine:ROLLBACK
DEBUG:asyncio:Using selector: SelectSelector
INFO:uvicorn.error:Started server process [19444]
INFO:uvicorn.error:Waiting for application startup.
INFO:sqlalchemy.engine.Engine:BEGIN (implicit)
INFO:sqlalchemy.engine.Engine:PRAGMA main.table_info("issue")
INFO:sqlalchemy.engine.Engine:[raw sql] ()
INFO:sqlalchemy.engine.Engine:COMMIT
INFO:main:DB created.
INFO:uvicorn.error:Application startup complete.
INFO:uvicorn.error:Uvicorn running on http://0.0.0.0:8000 (Press CTRL+C to quit)
INFO:sqlalchemy.engine.Engine:BEGIN (implicit)
INFO:sqlalchemy.engine.Engine:SELECT issue.id, issue.email, issue.section, issue.title, issue.issue, issue.attachments, issue.solved, issue.timestamp 
FROM issue
INFO:sqlalchemy.engine.Engine:[no key 0.00037s] ()
INFO:sqlalchemy.engine.Engine:ROLLBACK
DEBUG:multipart.multipart:Calling on_part_begin with no data
DEBUG:multipart.multipart:Calling on_header_field with data[61:80]
DEBUG:multipart.multipart:Calling on_header_value with data[82:105]
DEBUG:multipart.multipart:Calling on_header_end with no data
DEBUG:multipart.multipart:Calling on_headers_finished with no data
DEBUG:multipart.multipart:Calling on_part_data with data[109:121]
DEBUG:multipart.multipart:Calling on_part_end with no data
DEBUG:multipart.multipart:Calling on_part_begin with no data
DEBUG:multipart.multipart:Calling on_header_field with data[184:203]
DEBUG:multipart.multipart:Calling on_header_value with data[205:230]
DEBUG:multipart.multipart:Calling on_header_end with no data
DEBUG:multipart.multipart:Calling on_headers_finished with no data
DEBUG:multipart.multipart:Calling on_part_data with data[234:242]
DEBUG:multipart.multipart:Calling on_part_end with no data
DEBUG:multipart.multipart:Calling on_part_begin with no data
DEBUG:multipart.multipart:Calling on_header_field with data[305:324]
DEBUG:multipart.multipart:Calling on_header_value with data[326:349]
DEBUG:multipart.multipart:Calling on_header_end with no data
DEBUG:multipart.multipart:Calling on_headers_finished with no data
DEBUG:multipart.multipart:Calling on_part_data with data[353:357]
DEBUG:multipart.multipart:Calling on_part_end with no data
DEBUG:multipart.multipart:Calling on_part_begin with no data
DEBUG:multipart.multipart:Calling on_header_field with data[420:439]
DEBUG:multipart.multipart:Calling on_header_value with data[441:464]
DEBUG:multipart.multipart:Calling on_header_end with no data
DEBUG:multipart.multipart:Calling on_headers_finished with no data
DEBUG:multipart.multipart:Calling on_part_data with data[468:477]
DEBUG:multipart.multipart:Calling on_part_end with no data
DEBUG:multipart.multipart:Calling on_part_begin with no data
DEBUG:multipart.multipart:Calling on_header_field with data[540:559]
DEBUG:multipart.multipart:Calling on_header_value with data[561:590]
DEBUG:multipart.multipart:Calling on_header_end with no data
DEBUG:multipart.multipart:Calling on_headers_finished with no data
DEBUG:multipart.multipart:Calling on_part_data with data[594:608]
DEBUG:multipart.multipart:Calling on_part_end with no data
DEBUG:multipart.multipart:Calling on_part_begin with no data
DEBUG:multipart.multipart:Calling on_header_field with data[671:690]
DEBUG:multipart.multipart:Calling on_header_value with data[692:716]
DEBUG:multipart.multipart:Calling on_header_end with no data
DEBUG:multipart.multipart:Calling on_headers_finished with no data
DEBUG:multipart.multipart:Calling on_part_data with data[720:725]
DEBUG:multipart.multipart:Calling on_part_end with no data
DEBUG:multipart.multipart:Calling on_part_begin with no data
DEBUG:multipart.multipart:Calling on_header_field with data[788:807]
DEBUG:multipart.multipart:Calling on_header_value with data[809:836]
DEBUG:multipart.multipart:Calling on_header_end with no data
DEBUG:multipart.multipart:Calling on_headers_finished with no data
DEBUG:multipart.multipart:Calling on_part_data with data[840:853]
DEBUG:multipart.multipart:Calling on_part_end with no data
DEBUG:multipart.multipart:Calling on_end with no data
INFO:main:Data posted.
INFO:sqlalchemy.engine.Engine:BEGIN (implicit)
INFO:sqlalchemy.engine.Engine:INSERT INTO issue (email, section, title, issue, attachments, solved, timestamp) VALUES (?, ?, ?, ?, ?, ?, ?)
INFO:sqlalchemy.engine.Engine:[generated in 0.00044s] ('asdf@asdf.de', 'Hardware', 'Test', 'Hallo! :)', 'no attachments', 0, 1646728283687)
INFO:sqlalchemy.engine.Engine:COMMIT
INFO:sqlalchemy.engine.Engine:BEGIN (implicit)
INFO:sqlalchemy.engine.Engine:SELECT issue.id, issue.email, issue.section, issue.title, issue.issue, issue.attachments, issue.solved, issue.timestamp 
FROM issue 
WHERE issue.id = ?
INFO:sqlalchemy.engine.Engine:[generated in 0.00044s] (1,)
INFO:main:Issue saved to DB.
INFO:sqlalchemy.engine.Engine:ROLLBACK
INFO:sqlalchemy.engine.Engine:BEGIN (implicit)
INFO:sqlalchemy.engine.Engine:SELECT issue.id, issue.email, issue.section, issue.title, issue.issue, issue.attachments, issue.solved, issue.timestamp 
FROM issue
INFO:sqlalchemy.engine.Engine:[no key 0.00025s] ()
INFO:sqlalchemy.engine.Engine:ROLLBACK
INFO:sqlalchemy.engine.Engine:BEGIN (implicit)
INFO:sqlalchemy.engine.Engine:SELECT issue.id, issue.email, issue.section, issue.title, issue.issue, issue.attachments, issue.solved, issue.timestamp 
FROM issue 
WHERE issue.id = ?
INFO:sqlalchemy.engine.Engine:[no key 0.00040s] (1,)
INFO:sqlalchemy.engine.Engine:ROLLBACK
ERROR:uvicorn.error:Exception in ASGI application
Traceback (most recent call last):
  File "C:\Users\Little-J\Documents\Schule\Lehrjahr_2\LF9\Project3\backend\venv\lib\site-packages\starlette\responses.py", line 299, in __call__
    stat_result = await anyio.to_thread.run_sync(os.stat, self.path)
  File "C:\Users\Little-J\Documents\Schule\Lehrjahr_2\LF9\Project3\backend\venv\lib\site-packages\anyio\to_thread.py", line 28, in run_sync
    return await get_asynclib().run_sync_in_worker_thread(func, *args, cancellable=cancellable,
  File "C:\Users\Little-J\Documents\Schule\Lehrjahr_2\LF9\Project3\backend\venv\lib\site-packages\anyio\_backends\_asyncio.py", line 818, in run_sync_in_worker_thread
    return await future
  File "C:\Users\Little-J\Documents\Schule\Lehrjahr_2\LF9\Project3\backend\venv\lib\site-packages\anyio\_backends\_asyncio.py", line 754, in run
    result = context.run(func, *args)
FileNotFoundError: [WinError 3] Das System kann den angegebenen Pfad nicht finden: 'C:\\Users\\Little-J\\Documents\\Schule\\Lehrjahr_2\\LF9\\Project3\\backend\\pictures\\1646728283687\\no attachments'

During handling of the above exception, another exception occurred:

Traceback (most recent call last):
  File "C:\Users\Little-J\Documents\Schule\Lehrjahr_2\LF9\Project3\backend\venv\lib\site-packages\uvicorn\protocols\http\httptools_impl.py", line 375, in run_asgi
    result = await app(self.scope, self.receive, self.send)
  File "C:\Users\Little-J\Documents\Schule\Lehrjahr_2\LF9\Project3\backend\venv\lib\site-packages\uvicorn\middleware\proxy_headers.py", line 75, in __call__
    return await self.app(scope, receive, send)
  File "C:\Users\Little-J\Documents\Schule\Lehrjahr_2\LF9\Project3\backend\venv\lib\site-packages\fastapi\applications.py", line 212, in __call__
    await super().__call__(scope, receive, send)
  File "C:\Users\Little-J\Documents\Schule\Lehrjahr_2\LF9\Project3\backend\venv\lib\site-packages\starlette\applications.py", line 112, in __call__
    await self.middleware_stack(scope, receive, send)
  File "C:\Users\Little-J\Documents\Schule\Lehrjahr_2\LF9\Project3\backend\venv\lib\site-packages\starlette\middleware\errors.py", line 181, in __call__
    raise exc
  File "C:\Users\Little-J\Documents\Schule\Lehrjahr_2\LF9\Project3\backend\venv\lib\site-packages\starlette\middleware\errors.py", line 159, in __call__
    await self.app(scope, receive, _send)
  File "C:\Users\Little-J\Documents\Schule\Lehrjahr_2\LF9\Project3\backend\venv\lib\site-packages\starlette\middleware\cors.py", line 84, in __call__
    await self.app(scope, receive, send)
  File "C:\Users\Little-J\Documents\Schule\Lehrjahr_2\LF9\Project3\backend\venv\lib\site-packages\starlette\exceptions.py", line 82, in __call__
    raise exc
  File "C:\Users\Little-J\Documents\Schule\Lehrjahr_2\LF9\Project3\backend\venv\lib\site-packages\starlette\exceptions.py", line 71, in __call__
    await self.app(scope, receive, sender)
  File "C:\Users\Little-J\Documents\Schule\Lehrjahr_2\LF9\Project3\backend\venv\lib\site-packages\starlette\routing.py", line 656, in __call__
    await route.handle(scope, receive, send)
  File "C:\Users\Little-J\Documents\Schule\Lehrjahr_2\LF9\Project3\backend\venv\lib\site-packages\starlette\routing.py", line 259, in handle
    await self.app(scope, receive, send)
  File "C:\Users\Little-J\Documents\Schule\Lehrjahr_2\LF9\Project3\backend\venv\lib\site-packages\starlette\routing.py", line 64, in app
    await response(scope, receive, send)
  File "C:\Users\Little-J\Documents\Schule\Lehrjahr_2\LF9\Project3\backend\venv\lib\site-packages\starlette\responses.py", line 302, in __call__
    raise RuntimeError(f"File at path {self.path} does not exist.")
RuntimeError: File at path C:\Users\Little-J\Documents\Schule\Lehrjahr_2\LF9\Project3\backend\pictures\1646728283687\no attachments does not exist.
INFO:sqlalchemy.engine.Engine:BEGIN (implicit)
INFO:sqlalchemy.engine.Engine:SELECT issue.id, issue.email, issue.section, issue.title, issue.issue, issue.attachments, issue.solved, issue.timestamp 
FROM issue 
WHERE issue.id = ?
INFO:sqlalchemy.engine.Engine:[no key 0.00027s] (1,)
INFO:sqlalchemy.engine.Engine:ROLLBACK
ERROR:uvicorn.error:Exception in ASGI application
Traceback (most recent call last):
  File "C:\Users\Little-J\Documents\Schule\Lehrjahr_2\LF9\Project3\backend\venv\lib\site-packages\starlette\responses.py", line 299, in __call__
    stat_result = await anyio.to_thread.run_sync(os.stat, self.path)
  File "C:\Users\Little-J\Documents\Schule\Lehrjahr_2\LF9\Project3\backend\venv\lib\site-packages\anyio\to_thread.py", line 28, in run_sync
    return await get_asynclib().run_sync_in_worker_thread(func, *args, cancellable=cancellable,
  File "C:\Users\Little-J\Documents\Schule\Lehrjahr_2\LF9\Project3\backend\venv\lib\site-packages\anyio\_backends\_asyncio.py", line 818, in run_sync_in_worker_thread
    return await future
  File "C:\Users\Little-J\Documents\Schule\Lehrjahr_2\LF9\Project3\backend\venv\lib\site-packages\anyio\_backends\_asyncio.py", line 754, in run
    result = context.run(func, *args)
FileNotFoundError: [WinError 3] Das System kann den angegebenen Pfad nicht finden: 'C:\\Users\\Little-J\\Documents\\Schule\\Lehrjahr_2\\LF9\\Project3\\backend\\pictures\\1646728283687\\no attachments'

During handling of the above exception, another exception occurred:

Traceback (most recent call last):
  File "C:\Users\Little-J\Documents\Schule\Lehrjahr_2\LF9\Project3\backend\venv\lib\site-packages\uvicorn\protocols\http\httptools_impl.py", line 375, in run_asgi
    result = await app(self.scope, self.receive, self.send)
  File "C:\Users\Little-J\Documents\Schule\Lehrjahr_2\LF9\Project3\backend\venv\lib\site-packages\uvicorn\middleware\proxy_headers.py", line 75, in __call__
    return await self.app(scope, receive, send)
  File "C:\Users\Little-J\Documents\Schule\Lehrjahr_2\LF9\Project3\backend\venv\lib\site-packages\fastapi\applications.py", line 212, in __call__
    await super().__call__(scope, receive, send)
  File "C:\Users\Little-J\Documents\Schule\Lehrjahr_2\LF9\Project3\backend\venv\lib\site-packages\starlette\applications.py", line 112, in __call__
    await self.middleware_stack(scope, receive, send)
  File "C:\Users\Little-J\Documents\Schule\Lehrjahr_2\LF9\Project3\backend\venv\lib\site-packages\starlette\middleware\errors.py", line 181, in __call__
    raise exc
  File "C:\Users\Little-J\Documents\Schule\Lehrjahr_2\LF9\Project3\backend\venv\lib\site-packages\starlette\middleware\errors.py", line 159, in __call__
    await self.app(scope, receive, _send)
  File "C:\Users\Little-J\Documents\Schule\Lehrjahr_2\LF9\Project3\backend\venv\lib\site-packages\starlette\middleware\cors.py", line 84, in __call__
    await self.app(scope, receive, send)
  File "C:\Users\Little-J\Documents\Schule\Lehrjahr_2\LF9\Project3\backend\venv\lib\site-packages\starlette\exceptions.py", line 82, in __call__
    raise exc
  File "C:\Users\Little-J\Documents\Schule\Lehrjahr_2\LF9\Project3\backend\venv\lib\site-packages\starlette\exceptions.py", line 71, in __call__
    await self.app(scope, receive, sender)
  File "C:\Users\Little-J\Documents\Schule\Lehrjahr_2\LF9\Project3\backend\venv\lib\site-packages\starlette\routing.py", line 656, in __call__
    await route.handle(scope, receive, send)
  File "C:\Users\Little-J\Documents\Schule\Lehrjahr_2\LF9\Project3\backend\venv\lib\site-packages\starlette\routing.py", line 259, in handle
    await self.app(scope, receive, send)
  File "C:\Users\Little-J\Documents\Schule\Lehrjahr_2\LF9\Project3\backend\venv\lib\site-packages\starlette\routing.py", line 64, in app
    await response(scope, receive, send)
  File "C:\Users\Little-J\Documents\Schule\Lehrjahr_2\LF9\Project3\backend\venv\lib\site-packages\starlette\responses.py", line 302, in __call__
    raise RuntimeError(f"File at path {self.path} does not exist.")
RuntimeError: File at path C:\Users\Little-J\Documents\Schule\Lehrjahr_2\LF9\Project3\backend\pictures\1646728283687\no attachments does not exist.
INFO:sqlalchemy.engine.Engine:BEGIN (implicit)
INFO:sqlalchemy.engine.Engine:SELECT issue.id, issue.email, issue.section, issue.title, issue.issue, issue.attachments, issue.solved, issue.timestamp 
FROM issue 
WHERE issue.id = ?
INFO:sqlalchemy.engine.Engine:[no key 0.00023s] (1,)
INFO:sqlalchemy.engine.Engine:ROLLBACK
INFO:sqlalchemy.engine.Engine:BEGIN (implicit)
INFO:sqlalchemy.engine.Engine:SELECT issue.id, issue.email, issue.section, issue.title, issue.issue, issue.attachments, issue.solved, issue.timestamp 
FROM issue 
WHERE issue.id = ?
INFO:sqlalchemy.engine.Engine:[no key 0.00027s] (1,)
INFO:sqlalchemy.engine.Engine:ROLLBACK
INFO:sqlalchemy.engine.Engine:BEGIN (implicit)
INFO:sqlalchemy.engine.Engine:SELECT issue.id, issue.email, issue.section, issue.title, issue.issue, issue.attachments, issue.solved, issue.timestamp 
FROM issue
INFO:sqlalchemy.engine.Engine:[no key 0.00025s] ()
INFO:sqlalchemy.engine.Engine:ROLLBACK
INFO:sqlalchemy.engine.Engine:BEGIN (implicit)
INFO:sqlalchemy.engine.Engine:SELECT issue.id, issue.email, issue.section, issue.title, issue.issue, issue.attachments, issue.solved, issue.timestamp 
FROM issue
INFO:sqlalchemy.engine.Engine:[no key 0.00027s] ()
INFO:sqlalchemy.engine.Engine:ROLLBACK
INFO:sqlalchemy.engine.Engine:BEGIN (implicit)
INFO:sqlalchemy.engine.Engine:SELECT issue.id, issue.email, issue.section, issue.title, issue.issue, issue.attachments, issue.solved, issue.timestamp 
FROM issue
INFO:sqlalchemy.engine.Engine:[no key 0.00039s] ()
INFO:sqlalchemy.engine.Engine:ROLLBACK
INFO:sqlalchemy.engine.Engine:BEGIN (implicit)
INFO:sqlalchemy.engine.Engine:SELECT issue.id, issue.email, issue.section, issue.title, issue.issue, issue.attachments, issue.solved, issue.timestamp 
FROM issue 
WHERE issue.id = ?
INFO:sqlalchemy.engine.Engine:[no key 0.00032s] (1,)
INFO:sqlalchemy.engine.Engine:ROLLBACK
DEBUG:multipart.multipart:Calling on_part_begin with no data
DEBUG:multipart.multipart:Calling on_header_field with data[60:79]
DEBUG:multipart.multipart:Calling on_header_value with data[81:104]
DEBUG:multipart.multipart:Calling on_header_end with no data
DEBUG:multipart.multipart:Calling on_headers_finished with no data
DEBUG:multipart.multipart:Calling on_part_data with data[108:136]
DEBUG:multipart.multipart:Calling on_part_end with no data
DEBUG:multipart.multipart:Calling on_part_begin with no data
DEBUG:multipart.multipart:Calling on_header_field with data[198:217]
DEBUG:multipart.multipart:Calling on_header_value with data[219:244]
DEBUG:multipart.multipart:Calling on_header_end with no data
DEBUG:multipart.multipart:Calling on_headers_finished with no data
DEBUG:multipart.multipart:Calling on_part_data with data[248:256]
DEBUG:multipart.multipart:Calling on_part_end with no data
DEBUG:multipart.multipart:Calling on_part_begin with no data
DEBUG:multipart.multipart:Calling on_header_field with data[318:337]
DEBUG:multipart.multipart:Calling on_header_value with data[339:362]
DEBUG:multipart.multipart:Calling on_header_end with no data
DEBUG:multipart.multipart:Calling on_headers_finished with no data
DEBUG:multipart.multipart:Calling on_part_data with data[366:382]
DEBUG:multipart.multipart:Calling on_part_end with no data
DEBUG:multipart.multipart:Calling on_part_begin with no data
DEBUG:multipart.multipart:Calling on_header_field with data[444:463]
DEBUG:multipart.multipart:Calling on_header_value with data[465:488]
DEBUG:multipart.multipart:Calling on_header_end with no data
DEBUG:multipart.multipart:Calling on_headers_finished with no data
DEBUG:multipart.multipart:Calling on_part_data with data[492:506]
DEBUG:multipart.multipart:Calling on_part_end with no data
DEBUG:multipart.multipart:Calling on_part_begin with no data
DEBUG:multipart.multipart:Calling on_header_field with data[568:587]
DEBUG:multipart.multipart:Calling on_header_value with data[589:618]
DEBUG:multipart.multipart:Calling on_header_end with no data
DEBUG:multipart.multipart:Calling on_headers_finished with no data
DEBUG:multipart.multipart:Calling on_part_data with data[622:694]
DEBUG:multipart.multipart:Calling on_part_end with no data
DEBUG:multipart.multipart:Calling on_part_begin with no data
DEBUG:multipart.multipart:Calling on_header_field with data[756:775]
DEBUG:multipart.multipart:Calling on_header_value with data[777:801]
DEBUG:multipart.multipart:Calling on_header_end with no data
DEBUG:multipart.multipart:Calling on_headers_finished with no data
DEBUG:multipart.multipart:Calling on_part_data with data[805:810]
DEBUG:multipart.multipart:Calling on_part_end with no data
DEBUG:multipart.multipart:Calling on_part_begin with no data
DEBUG:multipart.multipart:Calling on_header_field with data[872:891]
DEBUG:multipart.multipart:Calling on_header_value with data[893:920]
DEBUG:multipart.multipart:Calling on_header_end with no data
DEBUG:multipart.multipart:Calling on_headers_finished with no data
DEBUG:multipart.multipart:Calling on_part_data with data[924:937]
DEBUG:multipart.multipart:Calling on_part_end with no data
DEBUG:multipart.multipart:Calling on_part_begin with no data
DEBUG:multipart.multipart:Calling on_header_field with data[999:1018]
DEBUG:multipart.multipart:Calling on_header_value with data[1020:1086]
DEBUG:multipart.multipart:Calling on_header_end with no data
DEBUG:multipart.multipart:Calling on_header_field with data[1088:1100]
DEBUG:multipart.multipart:Calling on_header_value with data[1102:1112]
DEBUG:multipart.multipart:Calling on_header_end with no data
DEBUG:multipart.multipart:Calling on_headers_finished with no data
DEBUG:multipart.multipart:Calling on_part_data with data[1116:54834]
DEBUG:multipart.multipart:Calling on_part_data with data[0:1]
DEBUG:multipart.multipart:Calling on_part_data with data[54835:64949]
DEBUG:multipart.multipart:Calling on_part_data with data[0:1]
DEBUG:multipart.multipart:Calling on_part_data with data[64950:64975]
DEBUG:multipart.multipart:Calling on_part_data with data[0:22689]
DEBUG:multipart.multipart:Calling on_part_end with no data
DEBUG:multipart.multipart:Calling on_part_begin with no data
DEBUG:multipart.multipart:Calling on_header_field with data[22751:22770]
DEBUG:multipart.multipart:Calling on_header_value with data[22772:22837]
DEBUG:multipart.multipart:Calling on_header_end with no data
DEBUG:multipart.multipart:Calling on_header_field with data[22839:22851]
DEBUG:multipart.multipart:Calling on_header_value with data[22853:22863]
DEBUG:multipart.multipart:Calling on_header_end with no data
DEBUG:multipart.multipart:Calling on_headers_finished with no data
DEBUG:multipart.multipart:Calling on_part_data with data[22867:162198]
DEBUG:multipart.multipart:Calling on_part_data with data[0:1]
DEBUG:multipart.multipart:Calling on_part_data with data[162199:222072]
DEBUG:multipart.multipart:Calling on_part_data with data[0:1]
DEBUG:multipart.multipart:Calling on_part_data with data[222073:262144]
DEBUG:multipart.multipart:Calling on_part_data with data[0:262144]
DEBUG:multipart.multipart:Calling on_part_data with data[0:176000]
DEBUG:multipart.multipart:Calling on_part_data with data[0:1]
DEBUG:multipart.multipart:Calling on_part_data with data[176001:262144]
DEBUG:multipart.multipart:Calling on_part_data with data[0:199609]
DEBUG:multipart.multipart:Calling on_part_data with data[0:1]
DEBUG:multipart.multipart:Calling on_part_data with data[199610:240980]
DEBUG:multipart.multipart:Calling on_part_data with data[0:1]
DEBUG:multipart.multipart:Calling on_part_data with data[240981:257914]
DEBUG:multipart.multipart:Calling on_part_data with data[0:1]
DEBUG:multipart.multipart:Calling on_part_data with data[257915:262144]
DEBUG:multipart.multipart:Calling on_part_data with data[0:117089]
DEBUG:multipart.multipart:Calling on_part_data with data[0:1]
DEBUG:multipart.multipart:Calling on_part_data with data[117090:262144]
DEBUG:multipart.multipart:Calling on_part_data with data[0:254978]
DEBUG:multipart.multipart:Calling on_part_data with data[0:1]
DEBUG:multipart.multipart:Calling on_part_data with data[254979:262144]
DEBUG:multipart.multipart:Calling on_part_data with data[0:17298]
DEBUG:multipart.multipart:Calling on_part_data with data[0:1]
DEBUG:multipart.multipart:Calling on_part_data with data[17299:35552]
DEBUG:multipart.multipart:Calling on_part_data with data[0:1]
DEBUG:multipart.multipart:Calling on_part_data with data[35553:48464]
DEBUG:multipart.multipart:Calling on_part_data with data[0:1]
DEBUG:multipart.multipart:Calling on_part_data with data[48465:242807]
DEBUG:multipart.multipart:Calling on_part_data with data[0:1]
DEBUG:multipart.multipart:Calling on_part_data with data[242808:262144]
DEBUG:multipart.multipart:Calling on_part_data with data[0:32557]
DEBUG:multipart.multipart:Calling on_part_data with data[0:1]
DEBUG:multipart.multipart:Calling on_part_data with data[32558:254203]
DEBUG:multipart.multipart:Calling on_part_data with data[0:1]
DEBUG:multipart.multipart:Calling on_part_data with data[254204:262144]
DEBUG:multipart.multipart:Calling on_part_data with data[0:136918]
DEBUG:multipart.multipart:Calling on_part_data with data[0:1]
DEBUG:multipart.multipart:Calling on_part_data with data[136919:176548]
DEBUG:multipart.multipart:Calling on_part_end with no data
DEBUG:multipart.multipart:Calling on_part_begin with no data
DEBUG:multipart.multipart:Calling on_header_field with data[176610:176629]
DEBUG:multipart.multipart:Calling on_header_value with data[176631:176676]
DEBUG:multipart.multipart:Calling on_header_end with no data
DEBUG:multipart.multipart:Calling on_header_field with data[176678:176690]
DEBUG:multipart.multipart:Calling on_header_value with data[176692:176701]
DEBUG:multipart.multipart:Calling on_header_end with no data
DEBUG:multipart.multipart:Calling on_headers_finished with no data
DEBUG:multipart.multipart:Calling on_part_data with data[176705:177485]
DEBUG:multipart.multipart:Calling on_part_data with data[0:1]
DEBUG:multipart.multipart:Calling on_part_data with data[177486:262144]
DEBUG:multipart.multipart:Calling on_part_data with data[0:262144]
DEBUG:multipart.multipart:Calling on_part_data with data[0:262144]
DEBUG:multipart.multipart:Calling on_part_data with data[0:262144]
DEBUG:multipart.multipart:Calling on_part_data with data[0:213499]
DEBUG:multipart.multipart:Calling on_part_data with data[0:1]
DEBUG:multipart.multipart:Calling on_part_data with data[213500:262105]
DEBUG:multipart.multipart:Calling on_part_data with data[0:1]
DEBUG:multipart.multipart:Calling on_part_data with data[262106:262144]
DEBUG:multipart.multipart:Calling on_part_data with data[0:31650]
DEBUG:multipart.multipart:Calling on_part_data with data[0:1]
DEBUG:multipart.multipart:Calling on_part_data with data[31651:121435]
DEBUG:multipart.multipart:Calling on_part_data with data[0:1]
DEBUG:multipart.multipart:Calling on_part_data with data[121436:126058]
DEBUG:multipart.multipart:Calling on_part_data with data[0:1]
DEBUG:multipart.multipart:Calling on_part_data with data[126059:238062]
DEBUG:multipart.multipart:Calling on_part_data with data[0:1]
DEBUG:multipart.multipart:Calling on_part_data with data[238063:262115]
DEBUG:multipart.multipart:Calling on_part_data with data[0:1]
DEBUG:multipart.multipart:Calling on_part_data with data[262116:262144]
DEBUG:multipart.multipart:Calling on_part_data with data[0:119367]
DEBUG:multipart.multipart:Calling on_part_data with data[0:1]
DEBUG:multipart.multipart:Calling on_part_data with data[119368:262144]
DEBUG:multipart.multipart:Calling on_part_data with data[0:5945]
DEBUG:multipart.multipart:Calling on_part_data with data[0:1]
DEBUG:multipart.multipart:Calling on_part_data with data[5946:106181]
DEBUG:multipart.multipart:Calling on_part_data with data[0:1]
DEBUG:multipart.multipart:Calling on_part_data with data[106182:170994]
DEBUG:multipart.multipart:Calling on_part_data with data[0:1]
DEBUG:multipart.multipart:Calling on_part_data with data[170995:262144]
DEBUG:multipart.multipart:Calling on_part_data with data[0:116696]
DEBUG:multipart.multipart:Calling on_part_data with data[0:1]
DEBUG:multipart.multipart:Calling on_part_data with data[116697:158867]
DEBUG:multipart.multipart:Calling on_part_data with data[0:1]
DEBUG:multipart.multipart:Calling on_part_data with data[158868:262144]
DEBUG:multipart.multipart:Calling on_part_data with data[0:76338]
DEBUG:multipart.multipart:Calling on_part_data with data[0:1]
DEBUG:multipart.multipart:Calling on_part_data with data[76339:108593]
DEBUG:multipart.multipart:Calling on_part_data with data[0:1]
DEBUG:multipart.multipart:Calling on_part_data with data[108594:262144]
DEBUG:multipart.multipart:Calling on_part_data with data[0:37720]
DEBUG:multipart.multipart:Calling on_part_data with data[0:1]
DEBUG:multipart.multipart:Calling on_part_data with data[37721:262144]
DEBUG:multipart.multipart:Calling on_part_data with data[0:99193]
DEBUG:multipart.multipart:Calling on_part_data with data[0:1]
DEBUG:multipart.multipart:Calling on_part_data with data[99194:262144]
DEBUG:multipart.multipart:Calling on_part_data with data[0:30620]
DEBUG:multipart.multipart:Calling on_part_data with data[0:1]
DEBUG:multipart.multipart:Calling on_part_data with data[30621:262144]
DEBUG:multipart.multipart:Calling on_part_data with data[0:262144]
DEBUG:multipart.multipart:Calling on_part_data with data[0:125443]
DEBUG:multipart.multipart:Calling on_part_data with data[0:1]
DEBUG:multipart.multipart:Calling on_part_data with data[125444:213119]
DEBUG:multipart.multipart:Calling on_part_data with data[0:1]
DEBUG:multipart.multipart:Calling on_part_data with data[213120:262144]
DEBUG:multipart.multipart:Calling on_part_data with data[0:262144]
DEBUG:multipart.multipart:Calling on_part_data with data[0:177928]
DEBUG:multipart.multipart:Calling on_part_data with data[0:1]
DEBUG:multipart.multipart:Calling on_part_data with data[177929:262144]
DEBUG:multipart.multipart:Calling on_part_data with data[0:262144]
DEBUG:multipart.multipart:Calling on_part_data with data[0:262104]
DEBUG:multipart.multipart:Calling on_part_data with data[0:1]
DEBUG:multipart.multipart:Calling on_part_data with data[262105:262144]
DEBUG:multipart.multipart:Calling on_part_data with data[0:262144]
DEBUG:multipart.multipart:Calling on_part_data with data[0:262144]
DEBUG:multipart.multipart:Calling on_part_data with data[0:262144]
DEBUG:multipart.multipart:Calling on_part_data with data[0:126649]
DEBUG:multipart.multipart:Calling on_part_data with data[0:1]
DEBUG:multipart.multipart:Calling on_part_data with data[126650:262144]
DEBUG:multipart.multipart:Calling on_part_data with data[0:177921]
DEBUG:multipart.multipart:Calling on_part_data with data[0:1]
DEBUG:multipart.multipart:Calling on_part_data with data[177922:208904]
DEBUG:multipart.multipart:Calling on_part_data with data[0:1]
DEBUG:multipart.multipart:Calling on_part_data with data[208905:262144]
DEBUG:multipart.multipart:Calling on_part_data with data[0:4021]
DEBUG:multipart.multipart:Calling on_part_data with data[0:1]
DEBUG:multipart.multipart:Calling on_part_data with data[4022:161121]
DEBUG:multipart.multipart:Calling on_part_data with data[0:1]
DEBUG:multipart.multipart:Calling on_part_data with data[161122:262144]
DEBUG:multipart.multipart:Calling on_part_data with data[0:53263]
DEBUG:multipart.multipart:Calling on_part_data with data[0:1]
DEBUG:multipart.multipart:Calling on_part_data with data[53264:99135]
DEBUG:multipart.multipart:Calling on_part_data with data[0:1]
DEBUG:multipart.multipart:Calling on_part_data with data[99136:262144]
DEBUG:multipart.multipart:Calling on_part_data with data[0:60048]
DEBUG:multipart.multipart:Calling on_part_data with data[0:1]
DEBUG:multipart.multipart:Calling on_part_data with data[60049:260858]
DEBUG:multipart.multipart:Calling on_part_data with data[0:1]
DEBUG:multipart.multipart:Calling on_part_data with data[260859:262144]
DEBUG:multipart.multipart:Calling on_part_data with data[0:32248]
DEBUG:multipart.multipart:Calling on_part_data with data[0:1]
DEBUG:multipart.multipart:Calling on_part_data with data[32249:200797]
DEBUG:multipart.multipart:Calling on_part_data with data[0:1]
DEBUG:multipart.multipart:Calling on_part_data with data[200798:262144]
DEBUG:multipart.multipart:Calling on_part_data with data[0:262107]
DEBUG:multipart.multipart:Calling on_part_data with data[0:1]
DEBUG:multipart.multipart:Calling on_part_data with data[262108:262144]
DEBUG:multipart.multipart:Calling on_part_data with data[0:54288]
DEBUG:multipart.multipart:Calling on_part_end with no data
DEBUG:multipart.multipart:Calling on_end with no data
INFO:main:Data posted.
INFO:sqlalchemy.engine.Engine:BEGIN (implicit)
INFO:sqlalchemy.engine.Engine:INSERT INTO issue (email, section, title, issue, attachments, solved, timestamp) VALUES (?, ?, ?, ?, ?, ?, ?)
INFO:sqlalchemy.engine.Engine:[cached since 254.7s ago] ('sandro.schmitt@existiert.net', 'Hardware', 'Test mit Bildern', 'Mit Bildern :)', 'minimalist-landscape-4k-jt.jpg, mr-robot-glitch-art-4k-jx.jpg, suess.png', 0, 1646728538133)
INFO:sqlalchemy.engine.Engine:COMMIT
INFO:sqlalchemy.engine.Engine:BEGIN (implicit)
INFO:sqlalchemy.engine.Engine:SELECT issue.id, issue.email, issue.section, issue.title, issue.issue, issue.attachments, issue.solved, issue.timestamp 
FROM issue 
WHERE issue.id = ?
INFO:sqlalchemy.engine.Engine:[cached since 254.6s ago] (2,)
INFO:main:Issue saved to DB.
INFO:sqlalchemy.engine.Engine:ROLLBACK
INFO:sqlalchemy.engine.Engine:BEGIN (implicit)
INFO:sqlalchemy.engine.Engine:SELECT issue.id, issue.email, issue.section, issue.title, issue.issue, issue.attachments, issue.solved, issue.timestamp 
FROM issue
INFO:sqlalchemy.engine.Engine:[no key 0.00034s] ()
INFO:sqlalchemy.engine.Engine:ROLLBACK
INFO:sqlalchemy.engine.Engine:BEGIN (implicit)
INFO:sqlalchemy.engine.Engine:SELECT issue.id, issue.email, issue.section, issue.title, issue.issue, issue.attachments, issue.solved, issue.timestamp 
FROM issue 
WHERE issue.id = ?
INFO:sqlalchemy.engine.Engine:[no key 0.00024s] (2,)
INFO:sqlalchemy.engine.Engine:ROLLBACK
INFO:sqlalchemy.engine.Engine:BEGIN (implicit)
INFO:sqlalchemy.engine.Engine:SELECT issue.id, issue.email, issue.section, issue.title, issue.issue, issue.attachments, issue.solved, issue.timestamp 
FROM issue 
WHERE issue.id = ?
INFO:sqlalchemy.engine.Engine:[no key 0.00067s] (2,)
INFO:sqlalchemy.engine.Engine:ROLLBACK
INFO:sqlalchemy.engine.Engine:BEGIN (implicit)
INFO:sqlalchemy.engine.Engine:SELECT issue.id, issue.email, issue.section, issue.title, issue.issue, issue.attachments, issue.solved, issue.timestamp 
FROM issue
INFO:sqlalchemy.engine.Engine:[no key 0.00055s] ()
INFO:sqlalchemy.engine.Engine:ROLLBACK
INFO:sqlalchemy.engine.Engine:BEGIN (implicit)
INFO:sqlalchemy.engine.Engine:SELECT issue.id, issue.email, issue.section, issue.title, issue.issue, issue.attachments, issue.solved, issue.timestamp 
FROM issue
INFO:sqlalchemy.engine.Engine:[no key 0.00030s] ()
INFO:sqlalchemy.engine.Engine:ROLLBACK
